============================= test session starts ==============================
platform darwin -- Python 3.11.0, pytest-8.3.5, pluggy-1.6.0
rootdir: /Users/em/Dropbox/bldgtyp-00/00_PH_Tools/ph-dash/backend
configfile: pyproject.toml
testpaths: tests
plugins: anyio-4.9.0, asyncio-0.26.0, cov-6.1.1
asyncio: mode=Mode.STRICT, asyncio_default_fixture_loop_scope=None, asyncio_default_test_loop_scope=function
collected 84 items

tests/test_assembly/test_routes/test_assembly_routes.py ......
tests/test_assembly/test_routes/test_layer_routes.py ......
tests/test_assembly/test_routes/test_segment_routes.py .........
tests/test_assembly/test_services/test_assembly_from_hbe_construction.py .......
tests/test_assembly/test_services/test_assembly_services.py ..............{'Test Assembly': {'type': 'OpaqueConstruction', 'identifier': 'Test Assembly', 'materials': [{'type': 'EnergyMaterial', 'identifier': 'Test Material', 'roughness': 'MediumRough', 'thickness': 0.05, 'conductivity': 1.0, 'density': 999.0, 'specific_heat': 999.0, 'thermal_absorptance': 0.9, 'solar_absorptance': 0.7, 'visible_absorptance': 0.7, 'properties': {'type': 'EnergyMaterialProperties', 'ph': {'id_num': 0, 'divisions': {'column_widths': [], 'row_heights': [], 'cells': [], 'steel_stud_spacing_mm': None}, 'user_data': {}}, 'ref': {'type': '_HBObjectWithReferences', 'identifier': 'rfs827c89cf', 'document_refs': [], 'image_refs': [], 'uris': [], 'user_data': {}}}}], 'properties': {'type': 'OpaqueConstructionProperties', 'ph': {'type': 'OpaqueConstructionPhProperties', 'id_num': 0}, 'ref': {'type': '_HBObjectWithReferences', 'identifier': 'rfsde40370c', 'document_refs': [], 'image_refs': [], 'uris': [], 'user_data': {}}}}}
F
tests/test_assembly/test_services/test_assembly_to_hbe_construction.py ...
tests/test_assembly/test_services/test_layer_services.py ......
tests/test_assembly/test_services/test_material_services.py .......
tests/test_assembly/test_services/test_segment_services.py ...........
tests/test_auth/test_auth_routes.py .....
tests/test_auth/test_auth_services.py .
tests/test_project/test_project_services.py .......
tests/test_root_route.py .
ERROR: Coverage failure: total of 67 is less than fail-under=80


=================================== FAILURES ===================================
________________________ test_get_assemblies_as_hbjson _________________________

session = <sqlalchemy.orm.session.Session object at 0x10a8d6350>
create_test_project = <function create_test_project.<locals>._create_project at 0x10a8c2c00>

    def test_get_assemblies_as_hbjson(session, create_test_project):
        create_test_project(db=session, username="user1", project_name="Project 1")
        assemblies_json = get_all_project_assemblies_as_hbjson_string(session, "1234")
    
        obj = json.loads(assemblies_json)
        """
        [
            {
                "type": "OpaqueConstruction",
                "identifier": "Test Assembly",
                "materials": [
                    {
                        "type": "EnergyMaterial",
                        "identifier": "Test Material",
                        "roughness": "MediumRough",
                        "thickness": 0.05,
                        "conductivity": 1.0,
                        "density": 999.0,
                        "specific_heat": 999.0,
                        "thermal_absorptance": 0.9,
                        "solar_absorptance": 0.7,
                        "visible_absorptance": 0.7,
                        "display_name": "Test Material",
                        "properties": {
                            "type": "EnergyMaterialProperties",
                            "ph": {
                                "id_num": 0,
                                "divisions": {
                                    "column_widths": [0.1],
                                    "row_heights": [1.0],
                                    "cells": [
                                        {
                                            "row": 0,
                                            "column": 0,
                                            "material": {
                                                "type": "EnergyMaterial",
                                                "identifier": "Test Material",
                                                "roughness": "MediumRough",
                                                "thickness": 0.05,
                                                "conductivity": 1.0,
                                                "density": 999.0,
                                                "specific_heat": 999.0,
                                                "thermal_absorptance": 0.9,
                                                "solar_absorptance": 0.7,
                                                "visible_absorptance": 0.7,
                                                "properties": {
                                                    "type": "EnergyMaterialProperties",
                                                    "ph": {
                                                        "id_num": 0,
                                                        "divisions": {
                                                            "column_widths": [],
                                                            "row_heights": [],
                                                            "cells": [],
                                                            "is_a_steel_stud_cavity": False,
                                                        },
                                                        "user_data": {},
                                                    },
                                                },
                                            },
                                        }
                                    ],
                                    "is_a_steel_stud_cavity": False,
                                },
                                "user_data": {},
                            },
                        },
                    }
                ],
                "properties": {
                    "type": "OpaqueConstructionProperties",
                    "ph": {
                        "type": "OpaqueConstructionPhProperties",
                        "id_num": 0
                    },
                },
            },
        ]
        """
    
        print(obj)
        assert len(obj) == 1  # Initial assembly created by default
>       assert obj[0]["identifier"] == "Test Assembly"
E       KeyError: 0

tests/test_assembly/test_services/test_assembly_services.py:425: KeyError
------------------------------ Captured log call -------------------------------
INFO     features.app.services:services.py:63 create_new_user(username='test_user', email='test@email.com')
INFO     features.app.services:services.py:86 create_new_project(name='Test Project', owner_id=1, bt_number='1234')
INFO     features.app.services:services.py:38 get_project_by_bt_number(bt_number='1234')
ERROR    features.app.services:services.py:17 Project 1234 not found.
INFO     features.assembly.services.assembly:assembly.py:46 create_new_assembly_in_db(name='Test Assembly', project_id=1)
INFO     features.app.services:services.py:48 get_project_by_id(project_id=1)
INFO     features.assembly.services.layer:layer.py:40 create_new_layer(thickness_mm=50.0, order=0)
INFO     features.assembly.services.assembly:assembly.py:90 append_layer_to_assembly(assembly_id=1, layer=None)
INFO     features.assembly.services.assembly:assembly.py:25 get_assembly_by_id(assembly_id=1)
INFO     features.assembly.services.assembly:assembly.py:71 insert_layer_into_assembly(assembly_id=1, layer=None)
INFO     features.assembly.services.assembly:assembly.py:25 get_assembly_by_id(assembly_id=1)
INFO     features.assembly.services.material:material.py:70 Adding new material with name: Test Material
INFO     features.assembly.services.segment:segment.py:43 Adding segment to layer 1 with material test_material, width 100.0, order 1
INFO     features.assembly.services.layer:layer.py:30 get_layer_by_id(layer_id=1)
INFO     features.assembly.services.material:material.py:39 get_material_by_id(material_id='test_material')
INFO     features.assembly.services.to_hbe_construction:to_hbe_construction.py:45 get_all_project_assemblies_as_hbjson_object(bt_number='1234')
INFO     features.assembly.services.to_hbe_construction:to_hbe_construction.py:19 convert_assemblies_to_hbe_constructions([1] assemblies)
INFO     features.assembly.services.to_hbe_material_typical:to_hbe_material_typical.py:112 convert_assembly_layer_to_hb_material(layer.id=1)
INFO     features.assembly.services.to_hbe_material_typical:to_hbe_material_typical.py:43 convert_segment_material_to_hb_material(segment.id=1)
================================ tests coverage ================================
_______________ coverage: platform darwin, python 3.11.0-final-0 _______________

Coverage HTML written to dir _coverage_html
FAIL Required test coverage of 80.0% not reached. Total coverage: 66.97%
=========================== short test summary info ============================
FAILED tests/test_assembly/test_services/test_assembly_services.py::test_get_assemblies_as_hbjson
========================= 1 failed, 83 passed in 3.17s =========================
